SF:lib\src\entities\asset.dart
DA:6,1
DA:57,1
DA:58,2
DA:59,2
DA:60,2
DA:61,2
DA:62,2
DA:63,2
DA:64,2
DA:65,2
DA:69,1
DA:70,1
DA:71,2
DA:72,2
DA:73,2
DA:74,2
DA:75,2
DA:76,2
DA:77,2
DA:78,2
LF:20
LH:20
end_of_record
SF:lib\src\entities\company.dart
DA:6,1
DA:23,1
DA:24,2
DA:25,2
DA:29,1
DA:30,1
DA:31,2
DA:32,2
LF:8
LH:8
end_of_record
SF:lib\src\entities\location.dart
DA:6,1
DA:26,1
DA:27,2
DA:28,2
DA:29,2
DA:33,1
DA:34,1
DA:35,2
DA:36,2
DA:37,2
LF:10
LH:10
end_of_record
SF:lib\src\services\assets_service_base.dart
DA:16,0
DA:17,0
DA:18,0
DA:19,0
DA:20,0
DA:23,0
DA:33,0
DA:38,0
DA:40,0
DA:41,0
DA:44,0
DA:45,0
DA:46,0
DA:50,0
DA:51,0
DA:52,0
DA:55,0
DA:56,0
DA:57,0
DA:64,0
DA:68,0
DA:69,0
DA:70,0
DA:72,0
DA:73,0
DA:74,0
DA:79,0
DA:80,0
DA:81,0
DA:82,0
DA:84,0
DA:85,0
DA:91,0
DA:92,0
DA:93,0
DA:95,0
DA:96,0
DA:99,0
DA:100,0
DA:101,0
DA:107,0
DA:108,0
LF:42
LH:0
end_of_record
SF:lib\src\models\tree\items\tree_item.dart
DA:8,0
DA:38,0
DA:40,0
DA:41,0
DA:45,0
DA:46,0
DA:53,0
DA:54,0
DA:57,0
DA:59,0
DA:81,0
DA:87,0
DA:88,0
DA:96,0
DA:97,0
DA:98,0
DA:99,0
DA:101,0
DA:106,0
DA:108,0
DA:110,0
DA:111,0
DA:112,0
DA:113,0
DA:114,0
DA:115,0
DA:120,0
DA:121,0
DA:122,0
DA:123,0
DA:124,0
LF:31
LH:0
end_of_record
SF:lib\src\models\tree\items\tree_item_with_status.dart
DA:8,0
DA:24,0
LF:2
LH:0
end_of_record
SF:lib\src\models\tree\items\component_tree_item.dart
DA:8,0
DA:25,0
DA:26,0
LF:3
LH:0
end_of_record
SF:lib\src\models\tree\items\asset_tree_item.dart
DA:8,0
LF:1
LH:0
end_of_record
SF:lib\src\models\filters\asset_filter.dart
DA:8,0
LF:1
LH:0
end_of_record
SF:lib\src\models\filters\energy_sensor_type_filter.dart
DA:8,0
DA:17,0
DA:20,0
DA:21,0
DA:25,0
DA:26,0
LF:6
LH:0
end_of_record
SF:lib\src\models\filters\critical_asset_state_filter.dart
DA:8,0
DA:17,0
DA:20,0
DA:21,0
DA:25,0
DA:26,0
LF:6
LH:0
end_of_record
SF:lib\src\models\filters\text_search_filter.dart
DA:8,0
DA:22,0
DA:28,0
DA:31,0
DA:33,0
DA:36,0
DA:37,0
LF:7
LH:0
end_of_record
SF:lib\src\models\stores\store_base.dart
DA:9,0
DA:11,0
DA:13,0
LF:3
LH:0
end_of_record
SF:lib\src\isolates\apply_filters_isolate.dart
DA:9,0
DA:13,0
DA:16,0
DA:18,0
DA:20,0
DA:25,0
DA:28,0
DA:29,0
DA:32,0
DA:33,0
DA:34,0
DA:35,0
DA:41,0
DA:45,0
DA:50,0
DA:53,0
DA:56,0
DA:57,0
LF:18
LH:0
end_of_record
